<?xml version="1.0" encoding="UTF-8"?>
<coverage generated="1614254689925" clover="3.2.0">
  <project timestamp="1614254689925" name="All files">
    <metrics statements="14" coveredstatements="13" conditionals="2" coveredconditionals="1" methods="5" coveredmethods="5" elements="21" coveredelements="19" complexity="0" loc="14" ncloc="14" packages="1" files="1" classes="1"/>
    <file name="todo-service.js" path="C:\Users\wangx\playground\react-todo\capi_node_todo\services\todoService\todo-service.js">
      <metrics statements="14" coveredstatements="13" conditionals="2" coveredconditionals="1" methods="5" coveredmethods="5"/>
      <line num="1" count="1" type="stmt"/>
      <line num="3" count="1" type="stmt"/>
      <line num="5" count="1" type="stmt"/>
      <line num="6" count="1" type="stmt"/>
      <line num="7" count="1" type="stmt"/>
      <line num="10" count="1" type="stmt"/>
      <line num="11" count="1" type="stmt"/>
      <line num="27" count="1" type="stmt"/>
      <line num="29" count="1" type="cond" truecount="1" falsecount="1"/>
      <line num="30" count="1" type="stmt"/>
      <line num="31" count="1" type="stmt"/>
      <line num="33" count="0" type="stmt"/>
      <line num="38" count="1" type="stmt"/>
      <line num="43" count="1" type="stmt"/>
    </file>
  </project>
</coverage>
